<?xml version="1.0" encoding="UTF-8"?>
<!-- Generated by org.testng.reporters.JUnitXMLReporter -->
<testsuite hostname="admin-PC" name="FirstClass" tests="1" failures="0" timestamp="21 Oct 2015 06:59:18 GMT" time="0.022" errors="0">
  <testcase name="@BeforeSuite setCapabilities" time="0.0" classname="flarekids.FirstClass">
    <failure type="org.openqa.selenium.SessionNotCreatedException" message="A new session could not be created. (Original error: Command failed: error: cannot bind to socket
error: cannot bind to socket
) (WARNING: The server did not provide any stacktrace information)
Command duration or timeout: 11.23 seconds
Build info: version: &amp;apos;2.42.2&amp;apos;, revision: &amp;apos;6a6995d&amp;apos;, time: &amp;apos;2014-06-03 17:42:03&amp;apos;
System info: host: &amp;apos;admin-PC&amp;apos;, ip: &amp;apos;192.168.0.128&amp;apos;, os.name: &amp;apos;Windows 8.1&amp;apos;, os.arch: &amp;apos;amd64&amp;apos;, os.version: &amp;apos;6.3&amp;apos;, java.version: &amp;apos;1.8.0_40&amp;apos;
Driver info: org.openqa.selenium.remote.RemoteWebDriver">
      <![CDATA[org.openqa.selenium.SessionNotCreatedException: A new session could not be created. (Original error: Command failed: error: cannot bind to socket
error: cannot bind to socket
) (WARNING: The server did not provide any stacktrace information)
Command duration or timeout: 11.23 seconds
Build info: version: '2.42.2', revision: '6a6995d', time: '2014-06-03 17:42:03'
System info: host: 'admin-PC', ip: '192.168.0.128', os.name: 'Windows 8.1', os.arch: 'amd64', os.version: '6.3', java.version: '1.8.0_40'
Driver info: org.openqa.selenium.remote.RemoteWebDriver
	at org.openqa.selenium.remote.ErrorHandler.createThrowable(ErrorHandler.java:204)
	at org.openqa.selenium.remote.ErrorHandler.throwIfResponseFailed(ErrorHandler.java:156)
	at org.openqa.selenium.remote.RemoteWebDriver.execute(RemoteWebDriver.java:599)
	at org.openqa.selenium.remote.RemoteWebDriver.startSession(RemoteWebDriver.java:240)
	at org.openqa.selenium.remote.RemoteWebDriver.<init>(RemoteWebDriver.java:126)
	at org.openqa.selenium.remote.RemoteWebDriver.<init>(RemoteWebDriver.java:153)
	at flarekids.FirstClass.setCapabilities(FirstClass.java:50)
... Removed 22 stack frames]]>
    </failure>
  </testcase> <!-- @BeforeSuite setCapabilities -->
  <testcase name="login" time="0.003" classname="flarekids.FirstClass">
    <skipped/>
  </testcase> <!-- login -->
</testsuite> <!-- FirstClass -->
